c:\clionprojects\hazellearn\build\sandbox\cmakefiles\generate.stamp
c:\clionprojects\hazellearn\build\sandbox\sandbox.dir\debug\.d.json
c:\clionprojects\hazellearn\build\sandbox\sandbox.dir\debug\sandboxapp.obj
c:\clionprojects\hazellearn\build\sandbox\sandbox.dir\debug\sandboxapp.cpp.module.json
d:\vscodecode\vscodeview\hazellearn\build\sandbox\sandbox.dir\debug\sandboxapp.obj
d:\vscodecode\vscodeview\hazellearn\build\sandbox\sandbox.dir\debug\vc143.pdb
c:\clionprojects\hazellearn\bin\sandbox.pdb
c:\clionprojects\hazellearn\bin\sandbox.exe
c:\clionprojects\hazellearn\bin\sandbox.ilk
d:\vscodecode\vscodeview\hazellearn\build\sandbox\sandbox.dir\debug\sandbox.tlog\cl.command.1.tlog
d:\vscodecode\vscodeview\hazellearn\build\sandbox\sandbox.dir\debug\sandbox.tlog\custombuild.command.1.tlog
d:\vscodecode\vscodeview\hazellearn\build\sandbox\sandbox.dir\debug\sandbox.tlog\custombuild.read.1.tlog
d:\vscodecode\vscodeview\hazellearn\build\sandbox\sandbox.dir\debug\sandbox.tlog\custombuild.write.1.tlog
d:\vscodecode\vscodeview\hazellearn\build\sandbox\sandbox.dir\debug\sandbox.tlog\link-cvtres.read.1.tlog
d:\vscodecode\vscodeview\hazellearn\build\sandbox\sandbox.dir\debug\sandbox.tlog\link-cvtres.write.1.tlog
d:\vscodecode\vscodeview\hazellearn\build\sandbox\sandbox.dir\debug\sandbox.tlog\link-rc.read.1.tlog
d:\vscodecode\vscodeview\hazellearn\build\sandbox\sandbox.dir\debug\sandbox.tlog\link-rc.write.1.tlog
d:\vscodecode\vscodeview\hazellearn\build\sandbox\sandbox.dir\debug\sandbox.tlog\link.command.1.tlog
d:\vscodecode\vscodeview\hazellearn\build\sandbox\sandbox.dir\debug\sandbox.tlog\link.read.1.tlog
d:\vscodecode\vscodeview\hazellearn\build\sandbox\sandbox.dir\debug\sandbox.tlog\link.read.2.tlog
d:\vscodecode\vscodeview\hazellearn\build\sandbox\sandbox.dir\debug\sandbox.tlog\link.read.3.tlog
d:\vscodecode\vscodeview\hazellearn\build\sandbox\sandbox.dir\debug\sandbox.tlog\link.read.4.tlog
d:\vscodecode\vscodeview\hazellearn\build\sandbox\sandbox.dir\debug\sandbox.tlog\link.write.1.tlog
d:\vscodecode\vscodeview\hazellearn\build\sandbox\sandbox.dir\debug\sandbox.tlog\microsoft.build.cpptasks.cl.read.1.tlog
d:\vscodecode\vscodeview\hazellearn\build\sandbox\sandbox.dir\debug\sandbox.tlog\microsoft.build.cpptasks.cl.write.1.tlog
d:\vscodecode\vscodeview\hazellearn\build\sandbox\sandbox.dir\debug\sandbox_md.tlog\cl.command.1.tlog
d:\vscodecode\vscodeview\hazellearn\build\sandbox\sandbox.dir\debug\sandbox_md.tlog\microsoft.build.cpptasks.cl.read.1.tlog
d:\vscodecode\vscodeview\hazellearn\build\sandbox\sandbox.dir\debug\sandbox_md.tlog\microsoft.build.cpptasks.cl.write.1.tlog
