c:\clionprojects\hazellearn\build\hazel\cmakefiles\generate.stamp
c:\clionprojects\hazellearn\bin\hazel.dll
c:\clionprojects\hazellearn\bin\hazel.pdb
c:\clionprojects\hazellearn\build\hazel\hazel.dir\debug\.d.json
c:\clionprojects\hazellearn\build\hazel\hazel.dir\debug\application.obj
c:\clionprojects\hazellearn\build\hazel\hazel.dir\debug\application.cpp.module.json
c:\clionprojects\hazellearn\bin\hazel.lib
c:\clionprojects\hazellearn\bin\hazel.exp
c:\clionprojects\hazellearn\build\hazel\hazel.dir\debug\hazel.ilk
d:\vscodecode\vscodeview\hazellearn\build\hazel\hazel.dir\debug\application.obj
d:\vscodecode\vscodeview\hazellearn\build\hazel\hazel.dir\debug\hazel.ilk
d:\vscodecode\vscodeview\hazellearn\build\hazel\hazel.dir\debug\vc143.pdb
c:\clionprojects\hazellearn\bin\hazel.ilk
d:\vscodecode\vscodeview\hazellearn\build\hazel\hazel.dir\debug\hazel.tlog\cl.command.1.tlog
d:\vscodecode\vscodeview\hazellearn\build\hazel\hazel.dir\debug\hazel.tlog\cl.items.tlog
d:\vscodecode\vscodeview\hazellearn\build\hazel\hazel.dir\debug\hazel.tlog\custombuild.command.1.tlog
d:\vscodecode\vscodeview\hazellearn\build\hazel\hazel.dir\debug\hazel.tlog\custombuild.read.1.tlog
d:\vscodecode\vscodeview\hazellearn\build\hazel\hazel.dir\debug\hazel.tlog\custombuild.write.1.tlog
d:\vscodecode\vscodeview\hazellearn\build\hazel\hazel.dir\debug\hazel.tlog\link.command.1.tlog
d:\vscodecode\vscodeview\hazellearn\build\hazel\hazel.dir\debug\hazel.tlog\link.read.1.tlog
d:\vscodecode\vscodeview\hazellearn\build\hazel\hazel.dir\debug\hazel.tlog\link.secondary.1.tlog
d:\vscodecode\vscodeview\hazellearn\build\hazel\hazel.dir\debug\hazel.tlog\link.write.1.tlog
d:\vscodecode\vscodeview\hazellearn\build\hazel\hazel.dir\debug\hazel.tlog\microsoft.build.cpptasks.cl.read.1.tlog
d:\vscodecode\vscodeview\hazellearn\build\hazel\hazel.dir\debug\hazel.tlog\microsoft.build.cpptasks.cl.write.1.tlog
d:\vscodecode\vscodeview\hazellearn\build\hazel\hazel.dir\debug\hazel_md.tlog\cl.command.1.tlog
d:\vscodecode\vscodeview\hazellearn\build\hazel\hazel.dir\debug\hazel_md.tlog\microsoft.build.cpptasks.cl.read.1.tlog
d:\vscodecode\vscodeview\hazellearn\build\hazel\hazel.dir\debug\hazel_md.tlog\microsoft.build.cpptasks.cl.write.1.tlog
